<?xml version="1.0" encoding="UTF-8"?>
<!-- Generated by org.testng.reporters.JUnitReportReporter -->
<testsuite skipped="0" hostname="Ashish" name="com.crm.qa.testcases.ContactPageTest" tests="1" failures="0" timestamp="25 Jun 2018 08:00:02 GMT" time="38.007" errors="0">
  <testcase name="contactsPageLabelTest" time="38.007" classname="com.crm.qa.testcases.ContactPageTest"/>
</testsuite> <!-- com.crm.qa.testcases.ContactPageTest -->
