<?xml version="1.0" encoding="UTF-8"?>
<!-- Generated by org.testng.reporters.JUnitReportReporter -->
<testsuite skipped="0" hostname="Ashish" name="com.crm.qa.testcases.LoginPageTest" tests="2" failures="0" timestamp="25 Jun 2018 08:00:02 GMT" time="26.784" errors="0">
  <testcase name="loginPageTitleTest" time="11.603" classname="com.crm.qa.testcases.LoginPageTest"/>
  <testcase name="crmLogoImageTest" time="15.181" classname="com.crm.qa.testcases.LoginPageTest"/>
</testsuite> <!-- com.crm.qa.testcases.LoginPageTest -->
