<?xml version="1.0" encoding="UTF-8"?>
<!-- Generated by org.testng.reporters.JUnitReportReporter -->
<testsuite skipped="0" hostname="Ashish" name="com.crm.qa.testcases.LoginPageTest" tests="1" failures="0" timestamp="25 Jun 2018 09:27:09 GMT" time="22.508" errors="0">
  <testcase name="loginPageTitleTest" time="22.508" classname="com.crm.qa.testcases.LoginPageTest"/>
</testsuite> <!-- com.crm.qa.testcases.LoginPageTest -->
